<?xml version="1.0" encoding="UTF-8"?>
<!-- Generated by org.testng.reporters.JUnitReportReporter -->
<testsuite hostname="DESKTOP-LQ8ET5D" failures="0" tests="1" name="Google_TestCases.TC_VerifyText" time="26.163" errors="0" timestamp="2023-01-02T11:33:53 IST" skipped="0">
  <testcase classname="Google_TestCases.TC_VerifyText" name="VerificationText" time="26.163"/>
  <system-out/>
</testsuite> <!-- Google_TestCases.TC_VerifyText -->
