<?xml version="1.0" encoding="UTF-8"?>
<!-- Generated by org.testng.reporters.JUnitReportReporter -->
<testsuite hostname="DESKTOP-LQ8ET5D" failures="0" tests="1" name="Google_TestCases.TC_VerifyText" time="15.113" errors="0" timestamp="2023-01-02T12:03:00 IST" skipped="0">
  <testcase classname="Google_TestCases.TC_VerifyText" name="VerificationText" time="15.113"/>
  <system-out/>
</testsuite> <!-- Google_TestCases.TC_VerifyText -->
